Start testing: Nov 03 16:32 CET
----------------------------------------------------------
1/2 Testing: simp2dTest
1/2 Test: simp2dTest
Command: "/home/stefano/Desktop/mesh-simplification/build/simp2dTest"
Directory: /home/stefano/Desktop/mesh-simplification/build
"simp2dTest" start time: Nov 03 16:32 CET
Output:
----------------------------------------------------------
Processo di semplificazione Greedy...
2902 nodi su un limite massimo di 1000                            2901 nodi su un limite massimo di 1000                            2900 nodi su un limite massimo di 1000                            2899 nodi su un limite massimo di 1000                            2898 nodi su un limite massimo di 1000                            2897 nodi su un limite massimo di 1000                            2896 nodi su un limite massimo di 1000                            2895 nodi su un limite massimo di 1000                            2894 nodi su un limite massimo di 1000                            2893 nodi su un limite massimo di 1000                            2892 nodi su un limite massimo di 1000                            2891 nodi su un limite massimo di 1000                            2890 nodi su un limite massimo di 1000                            2889 nodi su un limite massimo di 1000                            2888 nodi su un limite massimo di 1000                            2887 nodi su un limite massimo di 1000                            2886 nodi su un limite massimo di 1000                            2885 nodi su un limite massimo di 1000                            2884 nodi su un limite massimo di 1000                            2883 nodi su un limite massimo di 1000                            2882 nodi su un limite massimo di 1000                            2881 nodi su un limite massimo di 1000                            2880 nodi su un limite massimo di 1000                            2879 nodi su un limite massimo di 1000                            2878 nodi su un limite massimo di 1000                            2877 nodi su un limite massimo di 1000                            2876 nodi su un limite massimo di 1000                            2875 nodi su un limite massimo di 1000                            2874 nodi su un limite massimo di 1000                            2873 nodi su un limite massimo di 1000                            2872 nodi su un limite massimo di 1000                            2871 nodi su un limite massimo di 1000                            2870 nodi su un limite massimo di 1000                            2869 nodi su un limite massimo di 1000                            2868 nodi su un limite massimo di 1000                            2867 nodi su un limite massimo di 1000                            2866 nodi su un limite massimo di 1000                            2865 nodi su un limite massimo di 1000                            2864 nodi su un limite massimo di 1000                            2863 nodi su un limite massimo di 1000                            2862 nodi su un limite massimo di 1000                            2861 nodi su un limite massimo di 1000                            2860 nodi su un limite massimo di 1000                            2859 nodi su un limite massimo di 1000                            2858 nodi su un limite massimo di 1000                            2857 nodi su un limite massimo di 1000                            2856 nodi su un limite massimo di 1000                            2855 nodi su un limite massimo di 1000                            2854 nodi su un limite massimo di 1000                            2853 nodi su un limite massimo di 1000                            2852 nodi su un limite massimo di 1000                            2851 nodi su un limite massimo di 1000                            2850 nodi su un limite massimo di 1000                            2849 nodi su un limite massimo di 1000                            2848 nodi su un limite massimo di 1000                            2847 nodi su un limite massimo di 1000                            2846 nodi su un limite massimo di 1000                            2845 nodi su un limite massimo di 1000                            2844 nodi su un limite massimo di 1000                            2843 nodi su un limite massimo di 1000                            2842 nodi su un limite massimo di 1000                            2841 nodi su un limite massimo di 1000                            2840 nodi su un limite massimo di 1000                            2839 nodi su un limite massimo di 1000                            2838 nodi su un limite massimo di 1000                            2837 nodi su un limite massimo di 1000                            2836 nodi su un limite massimo di 1000                            2835 nodi su un limite massimo di 1000                            2834 nodi su un limite massimo di 1000                            2833 nodi su un limite massimo di 1000                            2832 nodi su un limite massimo di 1000                            2831 nodi su un limite massimo di 1000                            2830 nodi su un limite massimo di 1000                            2829 nodi su un limite massimo di 1000                            2828 nodi su un limite massimo di 1000                            2827 nodi su un limite massimo di 1000                            2826 nodi su un limite massimo di 1000                            2825 nodi su un limite massimo di 1000                            2824 nodi su un limite massimo di 1000                            2823 nodi su un limite massimo di 1000                            2822 nodi su un limite massimo di 1000                            2821 nodi su un limite massimo di 1000                            2820 nodi su un limite massimo di 1000                            2819 nodi su un limite massimo di 1000                            2818 nodi su un limite massimo di 1000                            2817 nodi su un limite massimo di 1000                            2816 nodi su un limite massimo di 1000                            2815 nodi su un limite massimo di 1000                            2814 nodi su un limite massimo di 1000                            2813 nodi su un limite massimo di 1000                            2812 nodi su un limite massimo di 1000                            2811 nodi su un limite massimo di 1000                            2810 nodi su un limite massimo di 1000                            2809 nodi su un limite massimo di 1000                            2808 nodi su un limite massimo di 1000                            2807 nodi su un limite massimo di 1000                            2806 nodi su un limite massimo di 1000                            2805 nodi su un limite massimo di 1000                            2804 nodi su un limite massimo di 1000                            2803 nodi su un limite massimo di 1000                            2802 nodi su un limite massimo di 1000                            2801 nodi su un limite massimo di 1000                            2800 nodi su un limite massimo di 1000                            2799 nodi su un limite massimo di 1000                            2798 nodi su un limite massimo di 1000                            2797 nodi su un limite massimo di 1000                            2796 nodi su un limite massimo di 1000                            2795 nodi su un limite massimo di 1000                            2794 nodi su un limite massimo di 1000                            2793 nodi su un limite massimo di 1000                            2792 nodi su un limite massimo di 1000                            2791 nodi su un limite massimo di 1000                            2790 nodi su un limite massimo di 1000                            2789 nodi su un limite massimo di 1000                            2788 nodi su un limite massimo di 1000                            2787 nodi su un limite massimo di 1000                            2786 nodi su un limite massimo di 1000                            2785 nodi su un limite massimo di 1000                            2784 nodi su un limite massimo di 1000                            2783 nodi su un limite massimo di 1000                            2782 nodi su un limite massimo di 1000                            2781 nodi su un limite massimo di 1000                            2780 nodi su un limite massimo di 1000                            2779 nodi su un limite massimo di 1000                            2778 nodi su un limite massimo di 1000                            2777 nodi su un limite massimo di 1000                            2776 nodi su un limite massimo di 1000                            2775 nodi su un limite massimo di 1000                            2774 nodi su un limite massimo di 1000                            2773 nodi su un limite massimo di 1000                            2772 nodi su un limite massimo di 1000                            2771 nodi su un limite massimo di 1000                            2770 nodi su un limite massimo di 1000                            2769 nodi su un limite massimo di 1000                            2768 nodi su un limite massimo di 1000                            2767 nodi su un limite massimo di 1000                            2766 nodi su un limite massimo di 1000                            2765 nodi su un limite massimo di 1000                            2764 nodi su un limite massimo di 1000                            2763 nodi su un limite massimo di 1000                            2762 nodi su un limite massimo di 1000                            2761 nodi su un limite massimo di 1000                            2760 nodi su un limite massimo di 1000                            2759 nodi su un limite massimo di 1000                            2758 nodi su un limite massimo di 1000                            2757 nodi su un limite massimo di 1000                            2756 nodi su un limite massimo di 1000                            2755 nodi su un limite massimo di 1000                            2754 nodi su un limite massimo di 1000                            2753 nodi su un limite massimo di 1000                            2752 nodi su un limite massimo di 1000                            2751 nodi su un limite massimo di 1000                            2750 nodi su un limite massimo di 1000                            2749 nodi su un limite massimo di 1000                            2748 nodi su un limite massimo di 1000                            2747 nodi su un limite massimo di 1000                            2746 nodi su un limite massimo di 1000                            2745 nodi su un limite massimo di 1000                            2744 nodi su un limite massimo di 1000                            2743 nodi su un limite massimo di 1000                            2742 nodi su un limite massimo di 1000                            2741 nodi su un limite massimo di 1000                            2740 nodi su un limite massimo di 1000                            2739 nodi su un limite massimo di 1000                            2738 nodi su un limite massimo di 1000                            2737 nodi su un limite massimo di 1000                            2736 nodi su un limite massimo di 1000                            2735 nodi su un limite massimo di 1000                            2734 nodi su un limite massimo di 1000                            2733 nodi su un limite massimo di 1000                            2732 nodi su un limite massimo di 1000                            2731 nodi su un limite massimo di 1000                            2730 nodi su un limite massimo di 1000                            2729 nodi su un limite massimo di 1000                            2728 nodi su un limite massimo di 1000                            2727 nodi su un limite massimo di 1000                            2726 nodi su un limite massimo di 1000                            2725 nodi su un limite massimo di 1000                            2724 nodi su un limite massimo di 1000                            2723 nodi su un limite massimo di 1000                            2722 nodi su un limite massimo di 1000                            2721 nodi su un limite massimo di 1000                            2720 nodi su un limite massimo di 1000                            2719 nodi su un limite massimo di 1000                            2718 nodi su un limite massimo di 1000                            2717 nodi su un limite massimo di 1000                            2716 nodi su un limite massimo di 1000                            2715 nodi su un limite massimo di 1000                            2714 nodi su un limite massimo di 1000                            2713 nodi su un limite massimo di 1000                            2712 nodi su un limite massimo di 1000                            2711 nodi su un limite massimo di 1000                            2710 nodi su un limite massimo di 1000                            2709 nodi su un limite massimo di 1000                            2708 nodi su un limite massimo di 1000                            2707 nodi su un limite massimo di 1000                            2706 nodi su un limite massimo di 1000                            2705 nodi su un limite massimo di 1000                            2704 nodi su un limite massimo di 1000                            2703 nodi su un limite massimo di 1000                            2702 nodi su un limite massimo di 1000                            2701 nodi su un limite massimo di 1000                            2700 nodi su un limite massimo di 1000                            2699 nodi su un limite massimo di 1000                            2698 nodi su un limite massimo di 1000                            2697 nodi su un limite massimo di 1000                            2696 nodi su un limite massimo di 1000                            2695 nodi su un limite massimo di 1000                            2694 nodi su un limite massimo di 1000                            2693 nodi su un limite massimo di 1000                            2692 nodi su un limite massimo di 1000                            2691 nodi su un limite massimo di 1000                            2690 nodi su un limite massimo di 1000                            2689 nodi su un limite massimo di 1000                            2688 nodi su un limite massimo di 1000                            2687 nodi su un limite massimo di 1000                            2686 nodi su un limite massimo di 1000                            2685 nodi su un limite massimo di 1000                            2684 nodi su un limite massimo di 1000                            2683 nodi su un limite massimo di 1000                            2682 nodi su un limite massimo di 1000                            2681 nodi su un limite massimo di 1000                            2680 nodi su un limite massimo di 1000                            2679 nodi su un limite massimo di 1000                            2678 nodi su un limite massimo di 1000                            2677 nodi su un limite massimo di 1000                            2676 nodi su un limite massimo di 1000                            2675 nodi su un limite massimo di 1000                            2674 nodi su un limite massimo di 1000                            2673 nodi su un limite massimo di 1000                            2672 nodi su un limite massimo di 1000                            2671 nodi su un limite massimo di 1000                            2670 nodi su un limite massimo di 1000                            2669 nodi su un limite massimo di 1000                            2668 nodi su un limite massimo di 1000                            2667 nodi su un limite massimo di 1000                            2666 nodi su un limite massimo di 1000                            2665 nodi su un limite massimo di 1000                            2664 nodi su un limite massimo di 1000                            2663 nodi su un limite massimo di 1000                            2662 nodi su un limite massimo di 1000                            2661 nodi su un limite massimo di 1000                            2660 nodi su un limite massimo di 1000                            2659 nodi su un limite massimo di 1000                            2658 nodi su un limite massimo di 1000                            2657 nodi su un limite massimo di 1000                            2656 nodi su un limite massimo di 1000                            2655 nodi su un limite massimo di 1000                            2654 nodi su un limite massimo di 1000                            2653 nodi su un limite massimo di 1000                            2652 nodi su un limite massimo di 1000                            2651 nodi su un limite massimo di 1000                            2650 nodi su un limite massimo di 1000                            2649 nodi su un limite massimo di 1000                            2648 nodi su un limite massimo di 1000                            2647 nodi su un limite massimo di 1000                            2646 nodi su un limite massimo di 1000                            2645 nodi su un limite massimo di 1000                            2644 nodi su un limite massimo di 1000                            2643 nodi su un limite massimo di 1000                            2642 nodi su un limite massimo di 1000                            2641 nodi su un limite massimo di 1000                            2640 nodi su un limite massimo di 1000                            2639 nodi su un limite massimo di 1000                            2638 nodi su un limite massimo di 1000                            2637 nodi su un limite massimo di 1000                            2636 nodi su un limite massimo di 1000                            2635 nodi su un limite massimo di 1000                            2634 nodi su un limite massimo di 1000                            2633 nodi su un limite massimo di 1000                            2632 nodi su un limite massimo di 1000                            2631 nodi su un limite massimo di 1000                            2630 nodi su un limite massimo di 1000                            2629 nodi su un limite massimo di 1000                            2628 nodi su un limite massimo di 1000                            2627 nodi su un limite massimo di 1000                            2626 nodi su un limite massimo di 1000                            2625 nodi su un limite massimo di 1000                            2624 nodi su un limite massimo di 1000                            2623 nodi su un limite massimo di 1000                            2622 nodi su un limite massimo di 1000                            2621 nodi su un limite massimo di 1000                            2620 nodi su un limite massimo di 1000                            2619 nodi su un limite massimo di 1000                            2618 nodi su un limite massimo di 1000                            2617 nodi su un limite massimo di 1000                            2616 nodi su un limite massimo di 1000                            2615 nodi su un limite massimo di 1000                            2614 nodi su un limite massimo di 1000                            2613 nodi su un limite massimo di 1000                            2612 nodi su un limite massimo di 1000                            2611 nodi su un limite massimo di 1000                            2610 nodi su un limite massimo di 1000                            2609 nodi su un limite massimo di 1000                            2608 nodi su un limite massimo di 1000                            2607 nodi su un limite massimo di 1000                            2606 nodi su un limite massimo di 1000                            2605 nodi su un limite massimo di 1000                            2604 nodi su un limite massimo di 1000                            2603 nodi su un limite massimo di 1000                            2602 nodi su un limite massimo di 1000                            2601 nodi su un limite massimo di 1000                            2600 nodi su un limite massimo di 1000                            2599 nodi su un limite massimo di 1000                            2598 nodi su un limite massimo di 1000                            2597 nodi su un limite massimo di 1000                            2596 nodi su un limite massimo di 1000                            2595 nodi su un limite massimo di 1000                            2594 nodi su un limite massimo di 1000                            2593 nodi su un limite massimo di 1000                            2592 nodi su un limite massimo di 1000                            2591 nodi su un limite massimo di 1000                            2590 nodi su un limite massimo di 1000                            2589 nodi su un limite massimo di 1000                            2588 nodi su un limite massimo di 1000                            2587 nodi su un limite massimo di 1000                            2586 nodi su un limite massimo di 1000                            2585 nodi su un limite massimo di 1000                            2584 nodi su un limite massimo di 1000                            2583 nodi su un limite massimo di 1000                            2582 nodi su un limite massimo di 1000                            2581 nodi su un limite massimo di 1000                            2580 nodi su un limite massimo di 1000                            2579 nodi su un limite massimo di 1000                            2578 nodi su un limite massimo di 1000                            2577 nodi su un limite massimo di 1000                            2576 nodi su un limite massimo di 1000                            2575 nodi su un limite massimo di 1000                            2574 nodi su un limite massimo di 1000                            2573 nodi su un limite massimo di 1000                            2572 nodi su un limite massimo di 1000                            2571 nodi su un limite massimo di 1000                            2570 nodi su un limite massimo di 1000                            2569 nodi su un limite massimo di 1000                            2568 nodi su un limite massimo di 1000                            2567 nodi su un limite massimo di 1000                            2566 nodi su un limite massimo di 1000                            2565 nodi su un limite massimo di 1000                            2564 nodi su un limite massimo di 1000                            2563 nodi su un limite massimo di 1000                            2562 nodi su un limite massimo di 1000                            2561 nodi su un limite massimo di 1000                            2560 nodi su un limite massimo di 1000                            2559 nodi su un limite massimo di 1000                            2558 nodi su un limite massimo di 1000                            2557 nodi su un limite massimo di 1000                            2556 nodi su un limite massimo di 1000                            2555 nodi su un limite massimo di 1000                            2554 nodi su un limite massimo di 1000                            2553 nodi su un limite massimo di 1000                            2552 nodi su un limite massimo di 1000                            2551 nodi su un limite massimo di 1000                            2550 nodi su un limite massimo di 1000                            2549 nodi su un limite massimo di 1000                            2548 nodi su un limite massimo di 1000                            2547 nodi su un limite massimo di 1000                            2546 nodi su un limite massimo di 1000                            2545 nodi su un limite massimo di 1000                            2544 nodi su un limite massimo di 1000                            2543 nodi su un limite massimo di 1000                            2542 nodi su un limite massimo di 1000                            2541 nodi su un limite massimo di 1000                            2540 nodi su un limite massimo di 1000                            2539 nodi su un limite massimo di 1000                            2538 nodi su un limite massimo di 1000                            2537 nodi su un limite massimo di 1000                            2536 nodi su un limite massimo di 1000                            2535 nodi su un limite massimo di 1000                            2534 nodi su un limite massimo di 1000                            2533 nodi su un limite massimo di 1000                            2532 nodi su un limite massimo di 1000                            2531 nodi su un limite massimo di 1000                            2530 nodi su un limite massimo di 1000                            2529 nodi su un limite massimo di 1000                            2528 nodi su un limite massimo di 1000                            2527 nodi su un limite massimo di 1000                            2526 nodi su un limite massimo di 1000                            2525 nodi su un limite massimo di 1000                            2524 nodi su un limite massimo di 1000                            2523 nodi su un limite massimo di 1000                            2522 nodi su un limite massimo di 1000                            2521 nodi su un limite massimo di 1000                            2520 nodi su un limite massimo di 1000                            2519 nodi su un limite massimo di 1000                            2518 nodi su un limite massimo di 1000                            2517 nodi su un limite massimo di 1000                            2516 nodi su un limite massimo di 1000                            2515 nodi su un limite massimo di 1000                            2514 nodi su un limite massimo di 1000                            2513 nodi su un limite massimo di 1000                            2512 nodi su un limite massimo di 1000                            2511 nodi su un limite massimo di 1000                            2510 nodi su un limite massimo di 1000                            2509 nodi su un limite massimo di 1000                            2508 nodi su un limite massimo di 1000                            2507 nodi su un limite massimo di 1000                            2506 nodi su un limite massimo di 1000                            2505 nodi su un limite massimo di 1000                            2504 nodi su un limite massimo di 1000                            2503 nodi su un limite massimo di 1000                            2502 nodi su un limite massimo di 1000                            2501 nodi su un limite massimo di 1000                            2500 nodi su un limite massimo di 1000                            2499 nodi su un limite massimo di 1000                            2498 nodi su un limite massimo di 1000                            2497 nodi su un limite massimo di 1000                            2496 nodi su un limite massimo di 1000                            2495 nodi su un limite massimo di 1000                            2494 nodi su un limite massimo di 1000                            2493 nodi su un limite massimo di 1000                            2492 nodi su un limite massimo di 1000                            2491 nodi su un limite massimo di 1000                            2490 nodi su un limite massimo di 1000                            2489 nodi su un limite massimo di 1000                            2488 nodi su un limite massimo di 1000                            2487 nodi su un limite massimo di 1000                            2486 nodi su un limite massimo di 1000                            2485 nodi su un limite massimo di 1000                            2484 nodi su un limite massimo di 1000                            2483 nodi su un limite massimo di 1000                            2482 nodi su un limite massimo di 1000                            2481 nodi su un limite massimo di 1000                            2480 nodi su un limite massimo di 1000                            2479 nodi su un limite massimo di 1000                            2478 nodi su un limite massimo di 1000                            2477 nodi su un limite massimo di 1000                            2476 nodi su un limite massimo di 1000                            2475 nodi su un limite massimo di 1000                            2474 nodi su un limite massimo di 1000                            2473 nodi su un limite massimo di 1000                            2472 nodi su un limite massimo di 1000                            2471 nodi su un limite massimo di 1000                            2470 nodi su un limite massimo di 1000                            2469 nodi su un limite massimo di 1000                            2468 nodi su un limite massimo di 1000                            2467 nodi su un limite massimo di 1000                            2466 nodi su un limite massimo di 1000                            2465 nodi su un limite massimo di 1000                            2464 nodi su un limite massimo di 1000                            2463 nodi su un limite massimo di 1000                            2462 nodi su un limite massimo di 1000                            2461 nodi su un limite massimo di 1000                            2460 nodi su un limite massimo di 1000                            2459 nodi su un limite massimo di 1000                            2458 nodi su un limite massimo di 1000                            2457 nodi su un limite massimo di 1000                            2456 nodi su un limite massimo di 1000                            2455 nodi su un limite massimo di 1000                            2454 nodi su un limite massimo di 1000                            2453 nodi su un limite massimo di 1000                            2452 nodi su un limite massimo di 1000                            2451 nodi su un limite massimo di 1000                            2450 nodi su un limite massimo di 1000                            2449 nodi su un limite massimo di 1000                            2448 nodi su un limite massimo di 1000                            2447 nodi su un limite massimo di 1000                            2446 nodi su un limite massimo di 1000                            2445 nodi su un limite massimo di 1000                            2444 nodi su un limite massimo di 1000                            2443 nodi su un limite massimo di 1000                            2442 nodi su un limite massimo di 1000                            2441 nodi su un limite massimo di 1000                            2440 nodi su un limite massimo di 1000                            2439 nodi su un limite massimo di 1000                            2438 nodi su un limite massimo di 1000                            2437 nodi su un limite massimo di 1000                            2436 nodi su un limite massimo di 1000                            2435 nodi su un limite massimo di 1000                            2434 nodi su un limite massimo di 1000                            2433 nodi su un limite massimo di 1000                            2432 nodi su un limite massimo di 1000                            2431 nodi su un limite massimo di 1000                            2430 nodi su un limite massimo di 1000                            2429 nodi su un limite massimo di 1000                            2428 nodi su un limite massimo di 1000                            2427 nodi su un limite massimo di 1000                            2426 nodi su un limite massimo di 1000                            2425 nodi su un limite massimo di 1000                            2424 nodi su un limite massimo di 1000                            2423 nodi su un limite massimo di 1000                            2422 nodi su un limite massimo di 1000                            2421 nodi su un limite massimo di 1000                            2420 nodi su un limite massimo di 1000                            2419 nodi su un limite massimo di 1000                            2418 nodi su un limite massimo di 1000                            2417 nodi su un limite massimo di 1000                            2416 nodi su un limite massimo di 1000                            2415 nodi su un limite massimo di 1000                            2414 nodi su un limite massimo di 1000                            2413 nodi su un limite massimo di 1000                            2412 nodi su un limite massimo di 1000                            2411 nodi su un limite massimo di 1000                            2410 nodi su un limite massimo di 1000                            2409 nodi su un limite massimo di 1000                            2408 nodi su un limite massimo di 1000                            2407 nodi su un limite massimo di 1000                            2406 nodi su un limite massimo di 1000                            2405 nodi su un limite massimo di 1000                            2404 nodi su un limite massimo di 1000                            2403 nodi su un limite massimo di 1000                            2402 nodi su un limite massimo di 1000                            2401 nodi su un limite massimo di 1000                            2400 nodi su un limite massimo di 1000                            2399 nodi su un limite massimo di 1000                            2398 nodi su un limite massimo di 1000                            2397 nodi su un limite massimo di 1000                            2396 nodi su un limite massimo di 1000                            2395 nodi su un limite massimo di 1000                            2394 nodi su un limite massimo di 1000                            2393 nodi su un limite massimo di 1000                            2392 nodi su un limite massimo di 1000                            2391 nodi su un limite massimo di 1000                            2390 nodi su un limite massimo di 1000                            2389 nodi su un limite massimo di 1000                            2388 nodi su un limite massimo di 1000                            2387 nodi su un limite massimo di 1000                            2386 nodi su un limite massimo di 1000                            2385 nodi su un limite massimo di 1000                            2384 nodi su un limite massimo di 1000                            2383 nodi su un limite massimo di 1000                            2382 nodi su un limite massimo di 1000                            2381 nodi su un limite massimo di 1000                            2380 nodi su un limite massimo di 1000                            2379 nodi su un limite massimo di 1000                            2378 nodi su un limite massimo di 1000                            2377 nodi su un limite massimo di 1000                            2376 nodi su un limite massimo di 1000                            2375 nodi su un limite massimo di 1000                            2374 nodi su un limite massimo di 1000                            2373 nodi su un limite massimo di 1000                            2372 nodi su un limite massimo di 1000                            2371 nodi su un limite massimo di 1000                            2370 nodi su un limite massimo di 1000                            2369 nodi su un limite massimo di 1000                            2368 nodi su un limite massimo di 1000                            2367 nodi su un limite massimo di 1000                            2366 nodi su un limite massimo di 1000                            2365 nodi su un limite massimo di 1000                            2364 nodi su un limite massimo di 1000                            2363 nodi su un limite massimo di 1000                            2362 nodi su un limite massimo di 1000                            2361 nodi su un limite massimo di 1000                            2360 nodi su un limite massimo di 1000                            2359 nodi su un limite massimo di 1000                            2358 nodi su un limite massimo di 1000                            2357 nodi su un limite massimo di 1000                            2356 nodi su un limite massimo di 1000                            2355 nodi su un limite massimo di 1000                            2354 nodi su un limite massimo di 1000                            2353 nodi su un limite massimo di 1000                            2352 nodi su un limite massimo di 1000                            2351 nodi su un limite massimo di 1000                            2350 nodi su un limite massimo di 1000                            2349 nodi su un limite massimo di 1000                            2348 nodi su un limite massimo di 1000                            2347 nodi su un limite massimo di 1000                            2346 nodi su un limite massimo di 1000                            2345 nodi su un limite massimo di 1000                            2344 nodi su un limite massimo di 1000                            2343 nodi su un limite massimo di 1000                            2342 nodi su un limite massimo di 1000                            2341 nodi su un limite massimo di 1000                            2340 nodi su un limite massimo di 1000                            2339 nodi su un limite massimo di 1000                            2338 nodi su un limite massimo di 1000                            2337 nodi su un limite massimo di 1000                            2336 nodi su un limite massimo di 1000                            2335 nodi su un limite massimo di 1000                            2334 nodi su un limite massimo di 1000                            2333 nodi su un limite massimo di 1000                            2332 nodi su un limite massimo di 1000                            2331 nodi su un limite massimo di 1000                            2330 nodi su un limite massimo di 1000                            2329 nodi su un limite massimo di 1000                            2328 nodi su un limite massimo di 1000                            2327 nodi su un limite massimo di 1000                            2326 nodi su un limite massimo di 1000                            2325 nodi su un limite massimo di 1000                            2324 nodi su un limite massimo di 1000                            2323 nodi su un limite massimo di 1000                            2322 nodi su un limite massimo di 1000                            2321 nodi su un limite massimo di 1000                            2320 nodi su un limite massimo di 1000                            2319 nodi su un limite massimo di 1000                            2318 nodi su un limite massimo di 1000                            2317 nodi su un limite massimo di 1000                            2316 nodi su un limite massimo di 1000                            2315 nodi su un limite massimo di 1000                            2314 nodi su un limite massimo di 1000                            2313 nodi su un limite massimo di 1000                            2312 nodi su un limite massimo di 1000                            2311 nodi su un limite massimo di 1000                            2310 nodi su un limite massimo di 1000                            2309 nodi su un limite massimo di 1000                            2308 nodi su un limite massimo di 1000                            2307 nodi su un limite massimo di 1000                            2306 nodi su un limite massimo di 1000                            2305 nodi su un limite massimo di 1000                            2304 nodi su un limite massimo di 1000                            2303 nodi su un limite massimo di 1000                            2302 nodi su un limite massimo di 1000                            2301 nodi su un limite massimo di 1000                            2300 nodi su un limite massimo di 1000                            2299 nodi su un limite massimo di 1000                            2298 nodi su un limite massimo di 1000                            2297 nodi su un limite massimo di 1000                            2296 nodi su un limite massimo di 1000                            2295 nodi su un limite massimo di 1000                            2294 nodi su un limite massimo di 1000                            2293 nodi su un limite massimo di 1000                            2292 nodi su un limite massimo di 1000                            2291 nodi su un limite massimo di 1000                            2290 nodi su un limite massimo di 1000                            2289 nodi su un limite massimo di 1000                            2288 nodi su un limite massimo di 1000                            2287 nodi su un limite massimo di 1000                            2286 nodi su un limite massimo di 1000                            2285 nodi su un limite massimo di 1000                            2284 nodi su un limite massimo di 1000                            2283 nodi su un limite massimo di 1000                            2282 nodi su un limite massimo di 1000                            2281 nodi su un limite massimo di 1000                            2280 nodi su un limite massimo di 1000                            2279 nodi su un limite massimo di 1000                            2278 nodi su un limite massimo di 1000                            2277 nodi su un limite massimo di 1000                            2276 nodi su un limite massimo di 1000                            2275 nodi su un limite massimo di 1000                            2274 nodi su un limite massimo di 1000                            2273 nodi su un limite massimo di 1000                            2272 nodi su un limite massimo di 1000                            2271 nodi su un limite massimo di 1000                            2270 nodi su un limite massimo di 1000                            2269 nodi su un limite massimo di 1000                            2268 nodi su un limite massimo di 1000                            2267 nodi su un limite massimo di 1000                            2266 nodi su un limite massimo di 1000                            2265 nodi su un limite massimo di 1000                            2264 nodi su un limite massimo di 1000                            2263 nodi su un limite massimo di 1000                            2262 nodi su un limite massimo di 1000                            2261 nodi su un limite massimo di 1000                            2260 nodi su un limite massimo di 1000                            2259 nodi su un limite massimo di 1000                            2258 nodi su un limite massimo di 1000                            2257 nodi su un limite massimo di 1000                            2256 nodi su un limite massimo di 1000                            2255 nodi su un limite massimo di 1000                            2254 nodi su un limite massimo di 1000                            2253 nodi su un limite massimo di 1000                            2252 nodi su un limite massimo di 1000                            2251 nodi su un limite massimo di 1000                            2250 nodi su un limite massimo di 1000                            2249 nodi su un limite massimo di 1000                            2248 nodi su un limite massimo di 1000                            2247 nodi su un limite massimo di 1000                            2246 nodi su un limite massimo di 1000                            2245 nodi su un limite massimo di 1000                            2244 nodi su un limite massimo di 1000                            2243 nodi su un limite massimo di 1000                            2242 nodi su un limite massimo di 1000                            2241 nodi su un limite massimo di 1000                            2240 nodi su un limite massimo di 1000                            2239 nodi su un limite massimo di 1000                            2238 nodi su un limite massimo di 1000                            2237 nodi su un limite massimo di 1000                            2236 nodi su un limite massimo di 1000                            2235 nodi su un limite massimo di 1000                            2234 nodi su un limite massimo di 1000                            2233 nodi su un limite massimo di 1000                            2232 nodi su un limite massimo di 1000                            2231 nodi su un limite massimo di 1000                            2230 nodi su un limite massimo di 1000                            2229 nodi su un limite massimo di 1000                            2228 nodi su un limite massimo di 1000                            2227 nodi su un limite massimo di 1000                            2226 nodi su un limite massimo di 1000                            2225 nodi su un limite massimo di 1000                            2224 nodi su un limite massimo di 1000                            2223 nodi su un limite massimo di 1000                            2222 nodi su un limite massimo di 1000                            2221 nodi su un limite massimo di 1000                            2220 nodi su un limite massimo di 1000                            2219 nodi su un limite massimo di 1000                            2218 nodi su un limite massimo di 1000                            2217 nodi su un limite massimo di 1000                            2216 nodi su un limite massimo di 1000                            2215 nodi su un limite massimo di 1000                            2214 nodi su un limite massimo di 1000                            2213 nodi su un limite massimo di 1000                            2212 nodi su un limite massimo di 1000                            2211 nodi su un limite massimo di 1000                            2210 nodi su un limite massimo di 1000                            2209 nodi su un limite massimo di 1000                            2208 nodi su un limite massimo di 1000                            2207 nodi su un limite massimo di 1000                            2206 nodi su un limite massimo di 1000                            2205 nodi su un limite massimo di 1000                            2204 nodi su un limite massimo di 1000                            2203 nodi su un limite massimo di 1000                            2202 nodi su un limite massimo di 1000                            2201 nodi su un limite massimo di 1000                            2200 nodi su un limite massimo di 1000                            2199 nodi su un limite massimo di 1000                            2198 nodi su un limite massimo di 1000                            2197 nodi su un limite massimo di 1000                            2196 nodi su un limite massimo di 1000                            2195 nodi su un limite massimo di 1000                            2194 nodi su un limite massimo di 1000                            2193 nodi su un limite massimo di 1000                            2192 nodi su un limite massimo di 1000                            2191 nodi su un limite massimo di 1000                            2190 nodi su un limite massimo di 1000                            2189 nodi su un limite massimo di 1000                            2188 nodi su un limite massimo di 1000                            2187 nodi su un limite massimo di 1000                            2186 nodi su un limite massimo di 1000                            2185 nodi su un limite massimo di 1000                            2184 nodi su un limite massimo di 1000                            2183 nodi su un limite massimo di 1000                            2182 nodi su un limite massimo di 1000                            2181 nodi su un limite massimo di 1000                            2180 nodi su un limite massimo di 1000                            2179 nodi su un limite massimo di 1000                            2178 nodi su un limite massimo di 1000                            2177 nodi su un limite massimo di 1000                            2176 nodi su un limite massimo di 1000                            2175 nodi su un limite massimo di 1000                            2174 nodi su un limite massimo di 1000                            2173 nodi su un limite massimo di 1000                            2172 nodi su un limite massimo di 1000                            2171 nodi su un limite massimo di 1000                            2170 nodi su un limite massimo di 1000                            2169 nodi su un limite massimo di 1000                            2168 nodi su un limite massimo di 1000                            2167 nodi su un limite massimo di 1000                            2166 nodi su un limite massimo di 1000                            2165 nodi su un limite massimo di 1000                            2164 nodi su un limite massimo di 1000                            2163 nodi su un limite massimo di 1000                            2162 nodi su un limite massimo di 1000                            2161 nodi su un limite massimo di 1000                            2160 nodi su un limite massimo di 1000                            2159 nodi su un limite massimo di 1000                            2158 nodi su un limite massimo di 1000                            2157 nodi su un limite massimo di 1000                            2156 nodi su un limite massimo di 1000                            2155 nodi su un limite massimo di 1000                            2154 nodi su un limite massimo di 1000                            2153 nodi su un limite massimo di 1000                            2152 nodi su un limite massimo di 1000                            2151 nodi su un limite massimo di 1000                            2150 nodi su un limite massimo di 1000                            2149 nodi su un limite massimo di 1000                            2148 nodi su un limite massimo di 1000                            2147 nodi su un limite massimo di 1000                            2146 nodi su un limite massimo di 1000                            2145 nodi su un limite massimo di 1000                            2144 nodi su un limite massimo di 1000                            2143 nodi su un limite massimo di 1000                            2142 nodi su un limite massimo di 1000                            2141 nodi su un limite massimo di 1000                            2140 nodi su un limite massimo di 1000                            2139 nodi su un limite massimo di 1000                            2138 nodi su un limite massimo di 1000                            2137 nodi su un limite massimo di 1000                            2136 nodi su un limite massimo di 1000                            2135 nodi su un limite massimo di 1000                            2134 nodi su un limite massimo di 1000                            2133 nodi su un limite massimo di 1000                            2132 nodi su un limite massimo di 1000                            2131 nodi su un limite massimo di 1000                            2130 nodi su un limite massimo di 1000                            2129 nodi su un limite massimo di 1000                            2128 nodi su un limite massimo di 1000                            2127 nodi su un limite massimo di 1000                            2126 nodi su un limite massimo di 1000                            2125 nodi su un limite massimo di 1000                            2124 nodi su un limite massimo di 1000                            2123 nodi su un limite massimo di 1000                            2122 nodi su un limite massimo di 1000                            2121 nodi su un limite massimo di 1000                            2120 nodi su un limite massimo di 1000                            2119 nodi su un limite massimo di 1000                            2118 nodi su un limite massimo di 1000                            2117 nodi su un limite massimo di 1000                            2116 nodi su un limite massimo di 1000                            2115 nodi su un limite massimo di 1000                            2114 nodi su un limite massimo di 1000                            2113 nodi su un limite massimo di 1000                            2112 nodi su un limite massimo di 1000                            2111 nodi su un limite massimo di 1000                            2110 nodi su un limite massimo di 1000                            2109 nodi su un limite massimo di 1000                            2108 nodi su un limite massimo di 1000                            2107 nodi su un limite massimo di 1000                            2106 nodi su un limite massimo di 1000                            2105 nodi su un limite massimo di 1000                            2104 nodi su un limite massimo di 1000                            2103 nodi su un limite massimo di 1000                            2102 nodi su un limite massimo di 1000                            2101 nodi su un limite massimo di 1000                            2100 nodi su un limite massimo di 1000                            2099 nodi su un limite massimo di 1000                            2098 nodi su un limite massimo di 1000                            2097 nodi su un limite massimo di 1000                            2096 nodi su un limite massimo di 1000                            2095 nodi su un limite massimo di 1000                            2094 nodi su un limite massimo di 1000                            2093 nodi su un limite massimo di 1000                            2092 nodi su un limite massimo di 1000                            2091 nodi su un limite massimo di 1000                            2090 nodi su un limite massimo di 1000                            2089 nodi su un limite massimo di 1000                            2088 nodi su un limite massimo di 1000                            2087 nodi su un limite massimo di 1000                            2086 nodi su un limite massimo di 1000                            2085 nodi su un limite massimo di 1000                            2084 nodi su un limite massimo di 1000                            2083 nodi su un limite massimo di 1000                            2082 nodi su un limite massimo di 1000                            2081 nodi su un limite massimo di 1000                            2080 nodi su un limite massimo di 1000                            2079 nodi su un limite massimo di 1000                            2078 nodi su un limite massimo di 1000                            2077 nodi su un limite massimo di 1000                            2076 nodi su un limite massimo di 1000                            2075 nodi su un limite massimo di 1000                            2074 nodi su un limite massimo di 1000                            2073 nodi su un limite massimo di 1000                            2072 nodi su un limite massimo di 1000                            2071 nodi su un limite massimo di 1000                            2070 nodi su un limite massimo di 1000                            2069 nodi su un limite massimo di 1000                            2068 nodi su un limite massimo di 1000                            2067 nodi su un limite massimo di 1000                            2066 nodi su un limite massimo di 1000                            2065 nodi su un limite massimo di 1000                            2064 nodi su un limite massimo di 1000                            2063 nodi su un limite massimo di 1000                            2062 nodi su un limite massimo di 1000                            2061 nodi su un limite massimo di 1000                            2060 nodi su un limite massimo di 1000                            2059 nodi su un limite massimo di 1000                            2058 nodi su un limite massimo di 1000                            2057 nodi su un limite massimo di 1000                            2056 nodi su un limite massimo di 1000                            2055 nodi su un limite massimo di 1000                            2054 nodi su un limite massimo di 1000                            2053 nodi su un limite massimo di 1000                            2052 nodi su un limite massimo di 1000                            2051 nodi su un limite massimo di 1000                            2050 nodi su un limite massimo di 1000                            2049 nodi su un limite massimo di 1000                            2048 nodi su un limite massimo di 1000                            2047 nodi su un limite massimo di 1000                            2046 nodi su un limite massimo di 1000                            2045 nodi su un limite massimo di 1000                            2044 nodi su un limite massimo di 1000                            2043 nodi su un limite massimo di 1000                            2042 nodi su un limite massimo di 1000                            2041 nodi su un limite massimo di 1000                            2040 nodi su un limite massimo di 1000                            2039 nodi su un limite massimo di 1000                            2038 nodi su un limite massimo di 1000                            2037 nodi su un limite massimo di 1000                            2036 nodi su un limite massimo di 1000                            2035 nodi su un limite massimo di 1000                            2034 nodi su un limite massimo di 1000                            2033 nodi su un limite massimo di 1000                            2032 nodi su un limite massimo di 1000                            2031 nodi su un limite massimo di 1000                            2030 nodi su un limite massimo di 1000                            2029 nodi su un limite massimo di 1000                            2028 nodi su un limite massimo di 1000                            2027 nodi su un limite massimo di 1000                            2026 nodi su un limite massimo di 1000                            2025 nodi su un limite massimo di 1000                            2024 nodi su un limite massimo di 1000                            2023 nodi su un limite massimo di 1000                            2022 nodi su un limite massimo di 1000                            2021 nodi su un limite massimo di 1000                            2020 nodi su un limite massimo di 1000                            2019 nodi su un limite massimo di 1000                            2018 nodi su un limite massimo di 1000                            2017 nodi su un limite massimo di 1000                            2016 nodi su un limite massimo di 1000                            2015 nodi su un limite massimo di 1000                            2014 nodi su un limite massimo di 1000                            2013 nodi su un limite massimo di 1000                            2012 nodi su un limite massimo di 1000                            2011 nodi su un limite massimo di 1000                            2010 nodi su un limite massimo di 1000                            2009 nodi su un limite massimo di 1000                            2008 nodi su un limite massimo di 1000                            2007 nodi su un limite massimo di 1000                            2006 nodi su un limite massimo di 1000                            2005 nodi su un limite massimo di 1000                            2004 nodi su un limite massimo di 1000                            2003 nodi su un limite massimo di 1000                            2002 nodi su un limite massimo di 1000                            2001 nodi su un limite massimo di 1000                            2000 nodi su un limite massimo di 1000                            1999 nodi su un limite massimo di 1000                            1998 nodi su un limite massimo di 1000                            1997 nodi su un limite massimo di 1000                            1996 nodi su un limite massimo di 1000                            1995 nodi su un limite massimo di 1000                            1994 nodi su un limite massimo di 1000                            1993 nodi su un limite massimo di 1000                            1992 nodi su un limite massimo di 1000                            1991 nodi su un limite massimo di 1000                            1990 nodi su un limite massimo di 1000                            1989 nodi su un limite massimo di 1000                            1988 nodi su un limite massimo di 1000                            1987 nodi su un limite massimo di 1000                            1986 nodi su un limite massimo di 1000                            1985 nodi su un limite massimo di 1000                            1984 nodi su un limite massimo di 1000                            1983 nodi su un limite massimo di 1000                            1982 nodi su un limite massimo di 1000                            1981 nodi su un limite massimo di 1000                            1980 nodi su un limite massimo di 1000                            1979 nodi su un limite massimo di 1000                            1978 nodi su un limite massimo di 1000                            1977 nodi su un limite massimo di 1000                            1976 nodi su un limite massimo di 1000                            1975 nodi su un limite massimo di 1000                            1974 nodi su un limite massimo di 1000                            1973 nodi su un limite massimo di 1000                            1972 nodi su un limite massimo di 1000                            1971 nodi su un limite massimo di 1000                            1970 nodi su un limite massimo di 1000                            1969 nodi su un limite massimo di 1000                            1968 nodi su un limite massimo di 1000                            1967 nodi su un limite massimo di 1000                            1966 nodi su un limite massimo di 1000                            1965 nodi su un limite massimo di 1000                            1964 nodi su un limite massimo di 1000                            1963 nodi su un limite massimo di 1000                            1962 nodi su un limite massimo di 1000                            1961 nodi su un limite massimo di 1000                            1960 nodi su un limite massimo di 1000                            1959 nodi su un limite massimo di 1000                            1958 nodi su un limite massimo di 1000                            1957 nodi su un limite massimo di 1000                            1956 nodi su un limite massimo di 1000                            1955 nodi su un limite massimo di 1000                            1954 nodi su un limite massimo di 1000                            1953 nodi su un limite massimo di 1000                            1952 nodi su un limite massimo di 1000                            1951 nodi su un limite massimo di 1000                            1950 nodi su un limite massimo di 1000                            1949 nodi su un limite massimo di 1000                            1948 nodi su un limite massimo di 1000                            1947 nodi su un limite massimo di 1000                            1946 nodi su un limite massimo di 1000                            1945 nodi su un limite massimo di 1000                            1944 nodi su un limite massimo di 1000                            1943 nodi su un limite massimo di 1000                            1942 nodi su un limite massimo di 1000                            1941 nodi su un limite massimo di 1000                            1940 nodi su un limite massimo di 1000                            1939 nodi su un limite massimo di 1000                            1938 nodi su un limite massimo di 1000                            1937 nodi su un limite massimo di 1000                            1936 nodi su un limite massimo di 1000                            1935 nodi su un limite massimo di 1000                            1934 nodi su un limite massimo di 1000                            1933 nodi su un limite massimo di 1000                            1932 nodi su un limite massimo di 1000                            1931 nodi su un limite massimo di 1000                            1930 nodi su un limite massimo di 1000                            1929 nodi su un limite massimo di 1000                            1928 nodi su un limite massimo di 1000                            1927 nodi su un limite massimo di 1000                            1926 nodi su un limite massimo di 1000                            1925 nodi su un limite massimo di 1000                            1924 nodi su un limite massimo di 1000                            1923 nodi su un limite massimo di 1000                            1922 nodi su un limite massimo di 1000                            1921 nodi su un limite massimo di 1000                            1920 nodi su un limite massimo di 1000                            1919 nodi su un limite massimo di 1000                            1918 nodi su un limite massimo di 1000                            1917 nodi su un limite massimo di 1000                            1916 nodi su un limite massimo di 1000                            1915 nodi su un limite massimo di 1000                            1914 nodi su un limite massimo di 1000                            1913 nodi su un limite massimo di 1000                            1912 nodi su un limite massimo di 1000                            1911 nodi su un limite massimo di 1000                            1910 nodi su un limite massimo di 1000                            1909 nodi su un limite massimo di 1000                            1908 nodi su un limite massimo di 1000                            1907 nodi su un limite massimo di 1000                            1906 nodi su un limite massimo di 1000                            1905 nodi su un limite massimo di 1000                            1904 nodi su un limite massimo di 1000                            1903 nodi su un limite massimo di 1000                            1902 nodi su un limite massimo di 1000                            1901 nodi su un limite massimo di 1000                            1900 nodi su un limite massimo di 1000                            1899 nodi su un limite massimo di 1000                            1898 nodi su un limite massimo di 1000                            1897 nodi su un limite massimo di 1000                            1896 nodi su un limite massimo di 1000                            1895 nodi su un limite massimo di 1000                            1894 nodi su un limite massimo di 1000                            1893 nodi su un limite massimo di 1000                            1892 nodi su un limite massimo di 1000                            1891 nodi su un limite massimo di 1000                            1890 nodi su un limite massimo di 1000                            1889 nodi su un limite massimo di 1000                            1888 nodi su un limite massimo di 1000                            1887 nodi su un limite massimo di 1000                            1886 nodi su un limite massimo di 1000                            1885 nodi su un limite massimo di 1000                            1884 nodi su un limite massimo di 1000                            1883 nodi su un limite massimo di 1000                            1882 nodi su un limite massimo di 1000                            1881 nodi su un limite massimo di 1000                            1880 nodi su un limite massimo di 1000                            1879 nodi su un limite massimo di 1000                            1878 nodi su un limite massimo di 1000                            1877 nodi su un limite massimo di 1000                            1876 nodi su un limite massimo di 1000                            1875 nodi su un limite massimo di 1000                            1874 nodi su un limite massimo di 1000                            1873 nodi su un limite massimo di 1000                            1872 nodi su un limite massimo di 1000                            1871 nodi su un limite massimo di 1000                            1870 nodi su un limite massimo di 1000                            1869 nodi su un limite massimo di 1000                            1868 nodi su un limite massimo di 1000                            1867 nodi su un limite massimo di 1000                            1866 nodi su un limite massimo di 1000                            1865 nodi su un limite massimo di 1000                            1864 nodi su un limite massimo di 1000                            1863 nodi su un limite massimo di 1000                            1862 nodi su un limite massimo di 1000                            1861 nodi su un limite massimo di 1000                            1860 nodi su un limite massimo di 1000                            1859 nodi su un limite massimo di 1000                            1858 nodi su un limite massimo di 1000                            1857 nodi su un limite massimo di 1000                            1856 nodi su un limite massimo di 1000                            1855 nodi su un limite massimo di 1000                            1854 nodi su un limite massimo di 1000                            1853 nodi su un limite massimo di 1000                            1852 nodi su un limite massimo di 1000                            1851 nodi su un limite massimo di 1000                            1850 nodi su un limite massimo di 1000                            1849 nodi su un limite massimo di 1000                            1848 nodi su un limite massimo di 1000                            1847 nodi su un limite massimo di 1000                            1846 nodi su un limite massimo di 1000                            1845 nodi su un limite massimo di 1000                            1844 nodi su un limite massimo di 1000                            1843 nodi su un limite massimo di 1000                            1842 nodi su un limite massimo di 1000                            1841 nodi su un limite massimo di 1000                            1840 nodi su un limite massimo di 1000                            1839 nodi su un limite massimo di 1000                            1838 nodi su un limite massimo di 1000                            1837 nodi su un limite massimo di 1000                            1836 nodi su un limite massimo di 1000                            1835 nodi su un limite massimo di 1000                            1834 nodi su un limite massimo di 1000                            1833 nodi su un limite massimo di 1000                            1832 nodi su un limite massimo di 1000                            1831 nodi su un limite massimo di 1000                            1830 nodi su un limite massimo di 1000                            1829 nodi su un limite massimo di 1000                            1828 nodi su un limite massimo di 1000                            1827 nodi su un limite massimo di 1000                            1826 nodi su un limite massimo di 1000                            1825 nodi su un limite massimo di 1000                            1824 nodi su un limite massimo di 1000                            1823 nodi su un limite massimo di 1000                            1822 nodi su un limite massimo di 1000                            1821 nodi su un limite massimo di 1000                            1820 nodi su un limite massimo di 1000                            1819 nodi su un limite massimo di 1000                            1818 nodi su un limite massimo di 1000                            1817 nodi su un limite massimo di 1000                            1816 nodi su un limite massimo di 1000                            1815 nodi su un limite massimo di 1000                            1814 nodi su un limite massimo di 1000                            1813 nodi su un limite massimo di 1000                            1812 nodi su un limite massimo di 1000                            1811 nodi su un limite massimo di 1000                            1810 nodi su un limite massimo di 1000                            1809 nodi su un limite massimo di 1000                            1808 nodi su un limite massimo di 1000                            1807 nodi su un limite massimo di 1000                            1806 nodi su un limite massimo di 1000                            1805 nodi su un limite massimo di 1000                            1804 nodi su un limite massimo di 1000                            1803 nodi su un limite massimo di 1000                            1802 nodi su un limite massimo di 1000                            1801 nodi su un limite massimo di 1000                            1800 nodi su un limite massimo di 1000                            1799 nodi su un limite massimo di 1000                            1798 nodi su un limite massimo di 1000                            1797 nodi su un limite massimo di 1000                            1796 nodi su un limite massimo di 1000                            1795 nodi su un limite massimo di 1000                            1794 nodi su un limite massimo di 1000                            1793 nodi su un limite massimo di 1000                            1792 nodi su un limite massimo di 1000                            1791 nodi su un limite massimo di 1000                            1790 nodi su un limite massimo di 1000                            1789 nodi su un limite massimo di 1000                            1788 nodi su un limite massimo di 1000                            1787 nodi su un limite massimo di 1000                            1786 nodi su un limite massimo di 1000                            1785 nodi su un limite massimo di 1000                            1784 nodi su un limite massimo di 1000                            1783 nodi su un limite massimo di 1000                            1782 nodi su un limite massimo di 1000                            1781 nodi su un limite massimo di 1000                            1780 nodi su un limite massimo di 1000                            1779 nodi su un limite massimo di 1000                            1778 nodi su un limite massimo di 1000                            1777 nodi su un limite massimo di 1000                            1776 nodi su un limite massimo di 1000                            1775 nodi su un limite massimo di 1000                            1774 nodi su un limite massimo di 1000                            1773 nodi su un limite massimo di 1000                            1772 nodi su un limite massimo di 1000                            1771 nodi su un limite massimo di 1000                            1770 nodi su un limite massimo di 1000                            1769 nodi su un limite massimo di 1000                            1768 nodi su un limite massimo di 1000                            1767 nodi su un limite massimo di 1000                            1766 nodi su un limite massimo di 1000                            1765 nodi su un limite massimo di 1000                            1764 nodi su un limite massimo di 1000                            1763 nodi su un limite massimo di 1000                            1762 nodi su un limite massimo di 1000                            1761 nodi su un limite massimo di 1000                            1760 nodi su un limite massimo di 1000                            1759 nodi su un limite massimo di 1000                            1758 nodi su un limite massimo di 1000                            1757 nodi su un limite massimo di 1000                            1756 nodi su un limite massimo di 1000                            1755 nodi su un limite massimo di 1000                            1754 nodi su un limite massimo di 1000                            1753 nodi su un limite massimo di 1000                            1752 nodi su un limite massimo di 1000                            1751 nodi su un limite massimo di 1000                            1750 nodi su un limite massimo di 1000                            1749 nodi su un limite massimo di 1000                            1748 nodi su un limite massimo di 1000                            1747 nodi su un limite massimo di 1000                            1746 nodi su un limite massimo di 1000                            1745 nodi su un limite massimo di 1000                            1744 nodi su un limite massimo di 1000                            1743 nodi su un limite massimo di 1000                            1742 nodi su un limite massimo di 1000                            1741 nodi su un limite massimo di 1000                            1740 nodi su un limite massimo di 1000                            1739 nodi su un limite massimo di 1000                            1738 nodi su un limite massimo di 1000                            1737 nodi su un limite massimo di 1000                            1736 nodi su un limite massimo di 1000                            1735 nodi su un limite massimo di 1000                            1734 nodi su un limite massimo di 1000                            1733 nodi su un limite massimo di 1000                            1732 nodi su un limite massimo di 1000                            1731 nodi su un limite massimo di 1000                            1730 nodi su un limite massimo di 1000                            1729 nodi su un limite massimo di 1000                            1728 nodi su un limite massimo di 1000                            1727 nodi su un limite massimo di 1000                            1726 nodi su un limite massimo di 1000                            1725 nodi su un limite massimo di 1000                            1724 nodi su un limite massimo di 1000                            1723 nodi su un limite massimo di 1000                            1722 nodi su un limite massimo di 1000                            1721 nodi su un limite massimo di 1000                            1720 nodi su un limite massimo di 1000                            1719 nodi su un limite massimo di 1000                            1718 nodi su un limite massimo di 1000                            1717 nodi su un limite massimo di 1000                            1716 nodi su un limite massimo di 1000                            1715 nodi su un limite massimo di 1000                     
[...]
                 1278 nodi su un limite massimo di 1000                            1277 nodi su un limite massimo di 1000                            1276 nodi su un limite massimo di 1000                            1275 nodi su un limite massimo di 1000                            1274 nodi su un limite massimo di 1000                            1273 nodi su un limite massimo di 1000                            1272 nodi su un limite massimo di 1000                            1271 nodi su un limite massimo di 1000                            1270 nodi su un limite massimo di 1000                            1269 nodi su un limite massimo di 1000                            1268 nodi su un limite massimo di 1000                            1267 nodi su un limite massimo di 1000                            1266 nodi su un limite massimo di 1000                            1265 nodi su un limite massimo di 1000                            1264 nodi su un limite massimo di 1000                            1263 nodi su un limite massimo di 1000                            1262 nodi su un limite massimo di 1000                            1261 nodi su un limite massimo di 1000                            1260 nodi su un limite massimo di 1000                            1259 nodi su un limite massimo di 1000                            1258 nodi su un limite massimo di 1000                            1257 nodi su un limite massimo di 1000                            1256 nodi su un limite massimo di 1000                            1255 nodi su un limite massimo di 1000                            1254 nodi su un limite massimo di 1000                            1253 nodi su un limite massimo di 1000                            1252 nodi su un limite massimo di 1000                            1251 nodi su un limite massimo di 1000                            1250 nodi su un limite massimo di 1000                            1249 nodi su un limite massimo di 1000                            1248 nodi su un limite massimo di 1000                            1247 nodi su un limite massimo di 1000                            1246 nodi su un limite massimo di 1000                            1245 nodi su un limite massimo di 1000                            1244 nodi su un limite massimo di 1000                            1243 nodi su un limite massimo di 1000                            1242 nodi su un limite massimo di 1000                            1241 nodi su un limite massimo di 1000                            1240 nodi su un limite massimo di 1000                            1239 nodi su un limite massimo di 1000                            1238 nodi su un limite massimo di 1000                            1237 nodi su un limite massimo di 1000                            1236 nodi su un limite massimo di 1000                            1235 nodi su un limite massimo di 1000                            1234 nodi su un limite massimo di 1000                            1233 nodi su un limite massimo di 1000                            1232 nodi su un limite massimo di 1000                            1231 nodi su un limite massimo di 1000                            1230 nodi su un limite massimo di 1000                            1229 nodi su un limite massimo di 1000                            1228 nodi su un limite massimo di 1000                            1227 nodi su un limite massimo di 1000                            1226 nodi su un limite massimo di 1000                            1225 nodi su un limite massimo di 1000                            1224 nodi su un limite massimo di 1000                            1223 nodi su un limite massimo di 1000                            1222 nodi su un limite massimo di 1000                            1221 nodi su un limite massimo di 1000                            1220 nodi su un limite massimo di 1000                            1219 nodi su un limite massimo di 1000                            1218 nodi su un limite massimo di 1000                            1217 nodi su un limite massimo di 1000                            1216 nodi su un limite massimo di 1000                            1215 nodi su un limite massimo di 1000                            1214 nodi su un limite massimo di 1000                            1213 nodi su un limite massimo di 1000                            1212 nodi su un limite massimo di 1000                            1211 nodi su un limite massimo di 1000                            1210 nodi su un limite massimo di 1000                            1209 nodi su un limite massimo di 1000                            1208 nodi su un limite massimo di 1000                            1207 nodi su un limite massimo di 1000                            1206 nodi su un limite massimo di 1000                            1205 nodi su un limite massimo di 1000                            1204 nodi su un limite massimo di 1000                            1203 nodi su un limite massimo di 1000                            1202 nodi su un limite massimo di 1000                            1201 nodi su un limite massimo di 1000                            1200 nodi su un limite massimo di 1000                            1199 nodi su un limite massimo di 1000                            1198 nodi su un limite massimo di 1000                            1197 nodi su un limite massimo di 1000                            1196 nodi su un limite massimo di 1000                            1195 nodi su un limite massimo di 1000                            1194 nodi su un limite massimo di 1000                            1193 nodi su un limite massimo di 1000                            1192 nodi su un limite massimo di 1000                            1191 nodi su un limite massimo di 1000                            1190 nodi su un limite massimo di 1000                            1189 nodi su un limite massimo di 1000                            1188 nodi su un limite massimo di 1000                            1187 nodi su un limite massimo di 1000                            1186 nodi su un limite massimo di 1000                            1185 nodi su un limite massimo di 1000                            1184 nodi su un limite massimo di 1000                            1183 nodi su un limite massimo di 1000                            1182 nodi su un limite massimo di 1000                            1181 nodi su un limite massimo di 1000                            1180 nodi su un limite massimo di 1000                            1179 nodi su un limite massimo di 1000                            1178 nodi su un limite massimo di 1000                            1177 nodi su un limite massimo di 1000                            1176 nodi su un limite massimo di 1000                            1175 nodi su un limite massimo di 1000                            1174 nodi su un limite massimo di 1000                            1173 nodi su un limite massimo di 1000                            1172 nodi su un limite massimo di 1000                            1171 nodi su un limite massimo di 1000                            1170 nodi su un limite massimo di 1000                            1169 nodi su un limite massimo di 1000                            1168 nodi su un limite massimo di 1000                            1167 nodi su un limite massimo di 1000                            1166 nodi su un limite massimo di 1000                            1165 nodi su un limite massimo di 1000                            1164 nodi su un limite massimo di 1000                            1163 nodi su un limite massimo di 1000                            1162 nodi su un limite massimo di 1000                            1161 nodi su un limite massimo di 1000                            1160 nodi su un limite massimo di 1000                            1159 nodi su un limite massimo di 1000                            1158 nodi su un limite massimo di 1000                            1157 nodi su un limite massimo di 1000                            1156 nodi su un limite massimo di 1000                            1155 nodi su un limite massimo di 1000                            1154 nodi su un limite massimo di 1000                            1153 nodi su un limite massimo di 1000                            1152 nodi su un limite massimo di 1000                            1151 nodi su un limite massimo di 1000                            1150 nodi su un limite massimo di 1000                            1149 nodi su un limite massimo di 1000                            1148 nodi su un limite massimo di 1000                            1147 nodi su un limite massimo di 1000                            1146 nodi su un limite massimo di 1000                            1145 nodi su un limite massimo di 1000                            1144 nodi su un limite massimo di 1000                            1143 nodi su un limite massimo di 1000                            1142 nodi su un limite massimo di 1000                            1141 nodi su un limite massimo di 1000                            1140 nodi su un limite massimo di 1000                            1139 nodi su un limite massimo di 1000                            1138 nodi su un limite massimo di 1000                            1137 nodi su un limite massimo di 1000                            1136 nodi su un limite massimo di 1000                            1135 nodi su un limite massimo di 1000                            1134 nodi su un limite massimo di 1000                            1133 nodi su un limite massimo di 1000                            1132 nodi su un limite massimo di 1000                            1131 nodi su un limite massimo di 1000                            1130 nodi su un limite massimo di 1000                            1129 nodi su un limite massimo di 1000                            1128 nodi su un limite massimo di 1000                            1127 nodi su un limite massimo di 1000                            1126 nodi su un limite massimo di 1000                            1125 nodi su un limite massimo di 1000                            1124 nodi su un limite massimo di 1000                            1123 nodi su un limite massimo di 1000                            1122 nodi su un limite massimo di 1000                            1121 nodi su un limite massimo di 1000                            1120 nodi su un limite massimo di 1000                            1119 nodi su un limite massimo di 1000                            1118 nodi su un limite massimo di 1000                            1117 nodi su un limite massimo di 1000                            1117 nodi su un limite massimo di 1000                            1116 nodi su un limite massimo di 1000                            1116 nodi su un limite massimo di 1000                            1115 nodi su un limite massimo di 1000                            1114 nodi su un limite massimo di 1000                            1113 nodi su un limite massimo di 1000                            1112 nodi su un limite massimo di 1000                            1111 nodi su un limite massimo di 1000                            1110 nodi su un limite massimo di 1000                            1109 nodi su un limite massimo di 1000                            1108 nodi su un limite massimo di 1000                            1107 nodi su un limite massimo di 1000                            1106 nodi su un limite massimo di 1000                            1105 nodi su un limite massimo di 1000                            1104 nodi su un limite massimo di 1000                            1103 nodi su un limite massimo di 1000                            1102 nodi su un limite massimo di 1000                            1101 nodi su un limite massimo di 1000                            1100 nodi su un limite massimo di 1000                            1099 nodi su un limite massimo di 1000                            1098 nodi su un limite massimo di 1000                            1097 nodi su un limite massimo di 1000                            1096 nodi su un limite massimo di 1000                            1095 nodi su un limite massimo di 1000                            1094 nodi su un limite massimo di 1000                            1093 nodi su un limite massimo di 1000                            1092 nodi su un limite massimo di 1000                            1091 nodi su un limite massimo di 1000                            1090 nodi su un limite massimo di 1000                            1089 nodi su un limite massimo di 1000                            1088 nodi su un limite massimo di 1000                            1087 nodi su un limite massimo di 1000                            1086 nodi su un limite massimo di 1000                            1085 nodi su un limite massimo di 1000                            1084 nodi su un limite massimo di 1000                            1083 nodi su un limite massimo di 1000                            1082 nodi su un limite massimo di 1000                            1081 nodi su un limite massimo di 1000                            1080 nodi su un limite massimo di 1000                            1079 nodi su un limite massimo di 1000                            1078 nodi su un limite massimo di 1000                            1077 nodi su un limite massimo di 1000                            1076 nodi su un limite massimo di 1000                            1075 nodi su un limite massimo di 1000                            1074 nodi su un limite massimo di 1000                            1073 nodi su un limite massimo di 1000                            1072 nodi su un limite massimo di 1000                            1071 nodi su un limite massimo di 1000                            1070 nodi su un limite massimo di 1000                            1069 nodi su un limite massimo di 1000                            1068 nodi su un limite massimo di 1000                            1067 nodi su un limite massimo di 1000                            1066 nodi su un limite massimo di 1000                            1065 nodi su un limite massimo di 1000                            1064 nodi su un limite massimo di 1000                            1063 nodi su un limite massimo di 1000                            1062 nodi su un limite massimo di 1000                            1061 nodi su un limite massimo di 1000                            1060 nodi su un limite massimo di 1000                            1059 nodi su un limite massimo di 1000                            1058 nodi su un limite massimo di 1000                            1057 nodi su un limite massimo di 1000                            1056 nodi su un limite massimo di 1000                            1055 nodi su un limite massimo di 1000                            1054 nodi su un limite massimo di 1000                            1053 nodi su un limite massimo di 1000                            1052 nodi su un limite massimo di 1000                            1051 nodi su un limite massimo di 1000                            1050 nodi su un limite massimo di 1000                            1049 nodi su un limite massimo di 1000                            1048 nodi su un limite massimo di 1000                            1047 nodi su un limite massimo di 1000                            1046 nodi su un limite massimo di 1000                            1045 nodi su un limite massimo di 1000                            1044 nodi su un limite massimo di 1000                            1043 nodi su un limite massimo di 1000                            1042 nodi su un limite massimo di 1000                            1041 nodi su un limite massimo di 1000                            1040 nodi su un limite massimo di 1000                            1039 nodi su un limite massimo di 1000                            1038 nodi su un limite massimo di 1000                            1037 nodi su un limite massimo di 1000                            1036 nodi su un limite massimo di 1000                            1035 nodi su un limite massimo di 1000                            1034 nodi su un limite massimo di 1000                            1033 nodi su un limite massimo di 1000                            1032 nodi su un limite massimo di 1000                            1031 nodi su un limite massimo di 1000                            1030 nodi su un limite massimo di 1000                            1029 nodi su un limite massimo di 1000                            1028 nodi su un limite massimo di 1000                            1027 nodi su un limite massimo di 1000                            1026 nodi su un limite massimo di 1000                            1025 nodi su un limite massimo di 1000                            1024 nodi su un limite massimo di 1000                            1023 nodi su un limite massimo di 1000                            1022 nodi su un limite massimo di 1000                            1021 nodi su un limite massimo di 1000                            1020 nodi su un limite massimo di 1000                            1019 nodi su un limite massimo di 1000                            1018 nodi su un limite massimo di 1000                            1017 nodi su un limite massimo di 1000                            1016 nodi su un limite massimo di 1000                            1015 nodi su un limite massimo di 1000                            1014 nodi su un limite massimo di 1000                            1013 nodi su un limite massimo di 1000                            1012 nodi su un limite massimo di 1000                            1011 nodi su un limite massimo di 1000                            1010 nodi su un limite massimo di 1000                            1009 nodi su un limite massimo di 1000                            1008 nodi su un limite massimo di 1000                            1007 nodi su un limite massimo di 1000                            1006 nodi su un limite massimo di 1000                            1005 nodi su un limite massimo di 1000                            1004 nodi su un limite massimo di 1000                            1003 nodi su un limite massimo di 1000                            1002 nodi su un limite massimo di 1000                            1001 nodi su un limite massimo di 1000                            1000 nodi su un limite massimo di 1000                            Costruzione connettività 2d nodoElemento...
Connettività 2d nodoElemento completata: 0 sec.
Costruzione mesh di Bordo in connect2d...
Costruzione mesh di bordo completata: 1 sec.
Il processo è partito da 2903 a 1000 nodi
Processo di semplificazione Greedy completato: 20 sec.
<end of output>
Test time =  20.45 sec
----------------------------------------------------------
Test Passed.
"simp2dTest" end time: Nov 03 16:33 CET
"simp2dTest" time elapsed: 00:00:20
----------------------------------------------------------

2/2 Testing: evaluationCostFunction
2/2 Test: evaluationCostFunction
Command: "/home/stefano/Desktop/mesh-simplification/build/evaluationCostFunction"
Directory: /home/stefano/Desktop/mesh-simplification/build
"evaluationCostFunction" start time: Nov 03 16:33 CET
Output:
----------------------------------------------------------
<end of output>
Test time =  14.92 sec
----------------------------------------------------------
Test Passed.
"evaluationCostFunction" end time: Nov 03 16:33 CET
"evaluationCostFunction" time elapsed: 00:00:14
----------------------------------------------------------

End testing: Nov 03 16:33 CET
